[debug] [2018-04-17T07:14:19.627Z] ----------------------------------------------------------------------
[debug] [2018-04-17T07:14:19.679Z] Command:       C:\Program Files\nodejs\node.exe C:\Users\KP\AppData\Roaming\npm\node_modules\firebase-tools\bin\firebase deploy
[debug] [2018-04-17T07:14:19.680Z] CLI Version:   3.18.2
[debug] [2018-04-17T07:14:19.680Z] Platform:      win32
[debug] [2018-04-17T07:14:19.680Z] Node Version:  v8.11.1
[debug] [2018-04-17T07:14:19.684Z] Time:          Tue Apr 17 2018 09:14:19 GMT+0200 (W. Europe Summer Time)
[debug] [2018-04-17T07:14:19.684Z] ----------------------------------------------------------------------
[debug] 
[debug] [2018-04-17T07:14:19.822Z] > command requires scopes: ["email","openid","https://www.googleapis.com/auth/cloudplatformprojects.readonly","https://www.googleapis.com/auth/firebase","https://www.googleapis.com/auth/cloud-platform"]
[debug] [2018-04-17T07:14:19.822Z] > authorizing via signed-in user
[debug] [2018-04-17T07:14:19.826Z] > refreshing access token with scopes: ["email","https://www.googleapis.com/auth/cloud-platform","https://www.googleapis.com/auth/cloudplatformprojects.readonly","https://www.googleapis.com/auth/firebase","openid"]
[debug] [2018-04-17T07:14:19.826Z] >>> HTTP REQUEST POST https://www.googleapis.com/oauth2/v3/token  
 { refresh_token: '1/rDaOV1QPkt4KTiq--V6vgAOg_0Uj3idH4cobynykTZ8',
  client_id: '563584335869-fgrhgmd47bqnekij5i8b5pr03ho849e6.apps.googleusercontent.com',
  client_secret: 'j9iVZfS8kkCEFUPaAeJV0sAi',
  grant_type: 'refresh_token',
  scope: 'email https://www.googleapis.com/auth/cloud-platform https://www.googleapis.com/auth/cloudplatformprojects.readonly https://www.googleapis.com/auth/firebase openid' } 
 Tue Apr 17 2018 09:14:19 GMT+0200 (W. Europe Summer Time)
[debug] [2018-04-17T07:14:20.293Z] <<< HTTP RESPONSE 200
[debug] [2018-04-17T07:14:20.388Z] >>> HTTP REQUEST GET https://admin.firebase.com/v1/projects/nysl-mobile-application  
  
 Tue Apr 17 2018 09:14:20 GMT+0200 (W. Europe Summer Time)
[debug] [2018-04-17T07:14:21.625Z] <<< HTTP RESPONSE 200
[debug] [2018-04-17T07:14:21.627Z] >>> HTTP REQUEST GET https://admin.firebase.com/v1/database/nysl-mobile-application/tokens  
  
 Tue Apr 17 2018 09:14:21 GMT+0200 (W. Europe Summer Time)
[debug] [2018-04-17T07:14:22.527Z] <<< HTTP RESPONSE 200
